
[2024-01-02 02:53:48] [ChessFX/Game] [35m: CLICK@ClickContext[button=PRIMARY, x=276.0, y=420.8, z=0.0]
[2024-01-02 02:53:48] [ChessFX/Game] [35m: Determined click position=e2
[2024-01-02 02:53:48] [ChessFX/Game] [35m: Click position refers to White Pawn
[2024-01-02 02:53:48] [ChessFX/Game] [35m: Selection: 4, 1
[2024-01-02 02:53:48] [ChessFX/Game] [35m: Placed colored sign at 4, 1
[2024-01-02 02:53:48] [ChessFX/Game] [35m: Found piece White Pawn@12
[2024-01-02 02:53:48] [ChessFX/Game] [35m: Can move to [20, 28]
[2024-01-02 02:53:48] [ChessFX/Game] [35m: Called board update
[2024-01-02 02:53:48] [ChessFX/Game] [35m: CLICK@ClickContext[button=PRIMARY, x=299.2, y=288.8, z=0.0]
[2024-01-02 02:53:48] [ChessFX/Game] [35m: Determined click position=e4
[2024-01-02 02:53:48] [ChessFX/Game] [35m: Click position refers to No-Color Unknown Piece Type 0 0
[2024-01-02 02:53:48] [ChessFX/Game] [35m: Selection: 4, 3
[2024-01-02 02:53:48] [ChessFX/Game] [35m: Placed colored sign at 4, 3
[2024-01-02 02:53:48] [ChessFX/Game] [35m: Found piece White Pawn@28
[2024-01-02 02:53:48] [ChessFX/Game] [35m: Can move to []
[2024-01-02 02:53:49] [ChessFX/Game] [35m: Called board update
[2024-01-02 02:53:49] [ChessFX/Game] [35m: CLICK@ClickContext[button=PRIMARY, x=228.0, y=96.8, z=0.0]
[2024-01-02 02:53:49] [ChessFX/Game] [35m: Determined click position=d7
[2024-01-02 02:53:49] [ChessFX/Game] [35m: Click position refers to Black Pawn
[2024-01-02 02:53:49] [ChessFX/Game] [35m: Selection: 3, 6
[2024-01-02 02:53:49] [ChessFX/Game] [35m: Placed colored sign at 3, 6
[2024-01-02 02:53:49] [ChessFX/Game] [35m: Found piece Black Pawn@51
[2024-01-02 02:53:49] [ChessFX/Game] [35m: Can move to [35, 43]
[2024-01-02 02:53:49] [ChessFX/Game] [35m: Called board update
[2024-01-02 02:53:50] [ChessFX/Game] [35m: CLICK@ClickContext[button=PRIMARY, x=227.2, y=217.6, z=0.0]
[2024-01-02 02:53:50] [ChessFX/Game] [35m: Determined click position=d5
[2024-01-02 02:53:50] [ChessFX/Game] [35m: Click position refers to No-Color Unknown Piece Type 0 0
[2024-01-02 02:53:50] [ChessFX/Game] [35m: Selection: 3, 4
[2024-01-02 02:53:50] [ChessFX/Game] [35m: Placed colored sign at 3, 4
[2024-01-02 02:53:50] [ChessFX/Game] [35m: Found piece Black Pawn@35
[2024-01-02 02:53:50] [ChessFX/Game] [35m: Can move to []
[2024-01-02 02:53:50] [ChessFX/Game] [35m: Called board update
[2024-01-02 02:53:51] [ChessFX/Game] [35m: CLICK@ClickContext[button=PRIMARY, x=292.8, y=311.2, z=0.0]
[2024-01-02 02:53:51] [ChessFX/Game] [35m: Determined click position=e4
[2024-01-02 02:53:51] [ChessFX/Game] [35m: Click position refers to White Pawn
[2024-01-02 02:53:51] [ChessFX/Game] [35m: Selection: 4, 3
[2024-01-02 02:53:51] [ChessFX/Game] [35m: Placed colored sign at 4, 3
[2024-01-02 02:53:51] [ChessFX/Game] [35m: Found piece White Pawn@28
[2024-01-02 02:53:51] [ChessFX/Game] [35m: Can move to [35, 36]
[2024-01-02 02:53:51] [ChessFX/Game] [35m: Called board update
[2024-01-02 02:53:51] [ChessFX/Game] [35m: CLICK@ClickContext[button=PRIMARY, x=225.6, y=230.4, z=0.0]
[2024-01-02 02:53:51] [ChessFX/Game] [35m: Determined click position=d5
[2024-01-02 02:53:51] [ChessFX/Game] [35m: Click position refers to Black Pawn
[2024-01-02 02:53:51] [ChessFX/Game] [35m: Selection: 3, 4
[2024-01-02 02:53:51] [ChessFX/Game] [35m: Placed colored sign at 3, 4
[2024-01-02 02:53:51] [ChessFX/Game] [35m: Found piece White Pawn@35
[2024-01-02 02:53:51] [ChessFX/Game] [35m: Can move to []
[2024-01-02 02:53:51] [ChessFX/Game] [35m: Called board update
[2024-01-02 02:53:52] [ChessFX/Game] [35m: CLICK@ClickContext[button=PRIMARY, x=228.8, y=24.0, z=0.0]
[2024-01-02 02:53:52] [ChessFX/Game] [35m: Determined click position=d8
[2024-01-02 02:53:52] [ChessFX/Game] [35m: Click position refers to Black Queen
[2024-01-02 02:53:52] [ChessFX/Game] [35m: Selection: 3, 7
[2024-01-02 02:53:52] [ChessFX/Game] [35m: Placed colored sign at 3, 7
[2024-01-02 02:53:52] [ChessFX/Game] [35m: Found piece Black Queen@59
[2024-01-02 02:53:52] [ChessFX/Game] [35m: Can move to [35, 43, 51]
[2024-01-02 02:53:52] [ChessFX/Game] [35m: Called board update
[2024-01-02 02:53:52] [ChessFX/Game] [35m: CLICK@ClickContext[button=PRIMARY, x=224.0, y=212.8, z=0.0]
[2024-01-02 02:53:52] [ChessFX/Game] [35m: Determined click position=d5
[2024-01-02 02:53:52] [ChessFX/Game] [35m: Click position refers to White Pawn
[2024-01-02 02:53:52] [ChessFX/Game] [35m: Selection: 3, 4
[2024-01-02 02:53:52] [ChessFX/Game] [35m: Placed colored sign at 3, 4
[2024-01-02 02:53:52] [ChessFX/Game] [35m: Found piece Black Queen@35
[2024-01-02 02:53:52] [ChessFX/Game] [35m: Can move to []
[2024-01-02 02:53:52] [ChessFX/Game] [35m: Called board update